<?xml version="1.0" encoding="utf-8"?><testsuites name="pytest tests"><testsuite name="pytest" errors="0" failures="0" skipped="0" tests="11" time="1.480" timestamp="2026-06-13T13:11:59.585598+00:00" hostname="agent-env-c4536f4f-009f-4fd3-a661-72928fd29af2"><testcase classname="backend.tests.backend_test.TestHealth" name="test_root_api" time="0.234" /><testcase classname="backend.tests.backend_test.TestEstimate" name="test_estimate_home_3500" time="0.125" /><testcase classname="backend.tests.backend_test.TestEstimate" name="test_estimate_business_not_subsidy" time="0.098" /><testcase classname="backend.tests.backend_test.TestEstimate" name="test_estimate_zero_bill_returns_400" time="0.092" /><testcase classname="backend.tests.backend_test.TestEstimate" name="test_estimate_negative_bill_returns_400" time="0.101" /><testcase classname="backend.tests.backend_test.TestLeads" name="test_create_lead_and_persist" time="0.174" /><testcase classname="backend.tests.backend_test.TestLeads" name="test_create_lead_minimal" time="0.094" /><testcase classname="backend.tests.backend_test.TestLeads" name="test_create_lead_invalid_email" time="0.085" /><testcase classname="backend.tests.backend_test.TestLeads" name="test_list_leads_no_mongo_id" time="0.096" /><testcase classname="backend.tests.backend_test.TestSEO" name="test_robots_txt" time="0.101" /><testcase classname="backend.tests.backend_test.TestSEO" name="test_sitemap_xml" time="0.104" /></testsuite></testsuites>